0 info it worked if it ends with ok
1 verbose cli [ 'C:\\Program Files\\nodejs\\node.exe',
1 verbose cli   'C:\\Program Files\\nodejs\\node_modules\\npm\\bin\\npm-cli.js',
1 verbose cli   'test' ]
2 info using npm@3.10.10
3 info using node@v6.9.3
4 verbose run-script [ 'pretest', 'test', 'posttest' ]
5 info lifecycle yyl-util@1.10.3~pretest: yyl-util@1.10.3
6 silly lifecycle yyl-util@1.10.3~pretest: no script for pretest, continuing
7 info lifecycle yyl-util@1.10.3~test: yyl-util@1.10.3
8 verbose lifecycle yyl-util@1.10.3~test: unsafe-perm in lifecycle true
9 verbose lifecycle yyl-util@1.10.3~test: PATH: C:\Users\Administrator\AppData\Roaming\nvm\v6.9.3\node_modules\npm\bin\node-gyp-bin;F:\github\yyl-util\node_modules\.bin;C:\Program Files (x86)\Python35-32\Scripts\;C:\Program Files (x86)\Python35-32\;C:\Python27\;C:\Python27\Scripts;C:\Ruby22-x64\bin;C:\Ruby193\bin;C:\Python27\;C:\ProgramData\Oracle\Java\javapath;C:\Ruby22\bin;C:\Program Files (x86)\NVIDIA Corporation\PhysX\Common;C:\Windows\system32;C:\Windows;C:\Windows\System32\Wbem;C:\Windows\System32\WindowsPowerShell\v1.0\;d:\Program Files (x86)\Git\cmd;C:\ProgramData\chocolatey\bin;C:\ag;C:\ctags58;C:\Program Files\VanDyke Software\Clients\;D:\Java\apache-maven-3.1.1\bin;C:\Program Files\Java\jdk1.8.0_20\bin;C:\Program Files\Java\jdk1.8.0_20\jre\bin;C:\Program Files (x86)\CMake\bin;C:\Program Files (x86)\Microsoft SQL Server\90\Tools\binn\;C:\Program Files (x86)\Windows Kits\8.1\Windows Performance Toolkit\;C:\Program Files\Microsoft SQL Server\110\Tools\Binn\;C:\Program Files (x86)\QuickTime\QTSystem\;C:\Program Files\WIDCOMM\Bluetooth Software\;C:\Program Files\WIDCOMM\Bluetooth Software\syswow64;C:\strawberry\c\bin;C:\strawberry\perl\site\bin;C:\strawberry\perl\bin;C;C:\Program Files\TortoiseSVN\bin;d:\Program Files (x86)\SSH Communications Security\SSH Secure Shell;C:\Users\Administrator\AppData\Local\Pandoc\;C:\Users\Administrator\AppData\Roaming\npm;C:\Program Files (x86)\Microsoft VS Code\bin;C:\Users\Administrator\AppData\Roaming\nvm;C:\Program Files\nodejs;C:\Users\Administrator\AppData\Local\Programs\Fiddler;C:\geckodriver\;C:\chromedriver\
10 verbose lifecycle yyl-util@1.10.3~test: CWD: F:\github\yyl-util
11 silly lifecycle yyl-util@1.10.3~test: Args: [ '/d /s /c', 'mocha ./test/test.js' ]
12 silly lifecycle yyl-util@1.10.3~test: Returned: code: 3221225786  signal: null
13 info lifecycle yyl-util@1.10.3~test: Failed to exec test script
14 error Test failed.  See above for more details.
15 verbose exit [ 1, true ]
16 verbose stack Error: kill ENOSYS
16 verbose stack     at exports._errnoException (util.js:1022:11)
16 verbose stack     at process.kill (internal/process.js:172:13)
16 verbose stack     at process.listener (C:\Users\Administrator\AppData\Roaming\nvm\v6.9.3\node_modules\npm\node_modules\npmlog\node_modules\gauge\node_modules\signal-exit\index.js:86:15)
16 verbose stack     at emitNone (events.js:91:20)
16 verbose stack     at process.emit (events.js:185:7)
16 verbose stack     at processEmit (C:\Users\Administrator\AppData\Roaming\nvm\v6.9.3\node_modules\npm\node_modules\npmlog\node_modules\gauge\node_modules\signal-exit\index.js:146:32)
16 verbose stack     at processEmit (C:\Users\Administrator\AppData\Roaming\nvm\v6.9.3\node_modules\npm\node_modules\npm-registry-client\node_modules\npmlog\node_modules\gauge\node_modules\signal-exit\index.js:146:32)
16 verbose stack     at Signal.wrap.onsignal (internal/process.js:199:44)
17 verbose cwd F:\github\yyl-util
18 error Windows_NT 6.1.7601
19 error argv "C:\\Program Files\\nodejs\\node.exe" "C:\\Program Files\\nodejs\\node_modules\\npm\\bin\\npm-cli.js" "test"
20 error node v6.9.3
21 error npm  v3.10.10
22 error code ENOSYS
23 error errno ENOSYS
24 error syscall kill
25 error kill ENOSYS
26 error If you need help, you may report this error at:
26 error     <https://github.com/npm/npm/issues>
27 verbose exit [ 1, true ]
