Arguments: 
  /usr/local/bin/node /usr/local/bin/yarn init

PATH: 
  /usr/local/bin:/usr/bin:/bin:/usr/sbin:/sbin:/opt/homebrew/bin

Yarn version: 
  1.22.10

Node version: 
  14.15.5

Platform: 
  darwin x64

Trace: 
  Error: canceled
      at Interface.<anonymous> (/usr/local/lib/node_modules/yarn/lib/cli.js:136216:13)
      at Interface.emit (events.js:315:20)
      at Interface._ttyWrite (readline.js:875:16)
      at ReadStream.onkeypress (readline.js:213:10)
      at ReadStream.emit (events.js:315:20)
      at emitKeys (internal/readline/utils.js:345:14)
      at emitKeys.next (<anonymous>)
      at ReadStream.onData (readline.js:1144:36)
      at ReadStream.emit (events.js:315:20)
      at addChunk (internal/streams/readable.js:309:12)

npm manifest: 
  {
    "main": "output/index.js",
    "types": "output/index.d.ts",
    "directories": {
      "src": "src",
      "output": "output",
      "test": "__tests__"
    },
    "files": [
      "output"
    ],
    "name": "yyl-util.makecssjsdate",
    "version": "3.0.0",
    "repository": "https://github.com/yyl-team/yyl-util.git",
    "author": "jackness1208"
  }

yarn manifest: 
  No manifest

Lockfile: 
  No lockfile
